<?xml version="1.0" encoding="UTF-8"?>
<testsuite name="Flujo de compra en la pagina web de carulla" tests="1" skipped="0" failures="1" errors="0" timestamp="2023-03-30T21:28:10" hostname="BRYAN-PC" time="26.729">
  <properties/>
  <testcase name="flujo de compra en la pagina web de carulla" classname="Flujo de compra en la pagina web de carulla" time="26.729">
    <failure message="org.openqa.selenium.ElementClickInterceptedException: element click intercepted: Element &lt;input class=&quot;vtex-styleguide-9-x-input ma0 border-box vtex-styleguide-9-x-hideDecorators vtex-styleguide-9-x-noAppearance br2 bl-0 br--right   w-100 bn outline-0 bg-base c-on-base b--muted-4 hover-b--muted-3 t-body pr5 &quot; placeholder=&quot;Buscar&quot; type=&quot;text&quot; value=&quot;&quot;&gt; is not clickable at point (188, 337). Other element would receive the click: &lt;div role=&quot;presentation&quot; class=&quot;undefined bg-base--inverted o-50 h-100&quot;&gt;&lt;/div&gt;&#10;  (Session info: chrome=111.0.5563.147)&#10;Build info: version: '3.141.59', revision: 'e82be7d358', time: '2018-11-14T08:17:03'&#10;System info: host: 'BRYAN-PC', ip: '192.168.20.46', os.name: 'Windows 11', os.arch: 'amd64', os.version: '10.0', java.version: '11.0.18'&#10;Driver info: org.openqa.selenium.chrome.ChromeDriver&#10;Capabilities {acceptInsecureCerts: false, browserName: chrome, browserVersion: 111.0.5563.147, chrome: {chromedriverVersion: 111.0.5563.64 (c710e93d5b63..., userDataDir: C:\Users\david\AppData\Loca...}, goog:chromeOptions: {debuggerAddress: localhost:52104}, javascriptEnabled: true, networkConnectionEnabled: false, pageLoadStrategy: normal, platform: WINDOWS, platformName: WINDOWS, proxy: Proxy(), setWindowRect: true, strictFileInteractability: false, timeouts: {implicit: 0, pageLoad: 300000, script: 30000}, unhandledPromptBehavior: ignore, webauthn:extension:credBlob: true, webauthn:extension:largeBlob: true, webauthn:extension:minPinLength: true, webauthn:extension:prf: true, webauthn:virtualAuthenticators: true}&#10;Session ID: 42f0d22e10dc7caf0b7aa8700e6666db" type="org.openqa.selenium.ElementClickInterceptedException">org.openqa.selenium.ElementClickInterceptedException: element click intercepted: Element &lt;input class=&quot;vtex-styleguide-9-x-input ma0 border-box vtex-styleguide-9-x-hideDecorators vtex-styleguide-9-x-noAppearance br2 bl-0 br--right   w-100 bn outline-0 bg-base c-on-base b--muted-4 hover-b--muted-3 t-body pr5 &quot; placeholder=&quot;Buscar&quot; type=&quot;text&quot; value=&quot;&quot;&gt; is not clickable at point (188, 337). Other element would receive the click: &lt;div role=&quot;presentation&quot; class=&quot;undefined bg-base--inverted o-50 h-100&quot;&gt;&lt;/div&gt;
  (Session info: chrome=111.0.5563.147)
Build info: version: '3.141.59', revision: 'e82be7d358', time: '2018-11-14T08:17:03'
System info: host: 'BRYAN-PC', ip: '192.168.20.46', os.name: 'Windows 11', os.arch: 'amd64', os.version: '10.0', java.version: '11.0.18'
Driver info: org.openqa.selenium.chrome.ChromeDriver
Capabilities {acceptInsecureCerts: false, browserName: chrome, browserVersion: 111.0.5563.147, chrome: {chromedriverVersion: 111.0.5563.64 (c710e93d5b63..., userDataDir: C:\Users\david\AppData\Loca...}, goog:chromeOptions: {debuggerAddress: localhost:52104}, javascriptEnabled: true, networkConnectionEnabled: false, pageLoadStrategy: normal, platform: WINDOWS, platformName: WINDOWS, proxy: Proxy(), setWindowRect: true, strictFileInteractability: false, timeouts: {implicit: 0, pageLoad: 300000, script: 30000}, unhandledPromptBehavior: ignore, webauthn:extension:credBlob: true, webauthn:extension:largeBlob: true, webauthn:extension:minPinLength: true, webauthn:extension:prf: true, webauthn:virtualAuthenticators: true}
Session ID: 42f0d22e10dc7caf0b7aa8700e6666db
	at java.base@11.0.18/jdk.internal.reflect.NativeConstructorAccessorImpl.newInstance0(Native Method)
	at java.base@11.0.18/jdk.internal.reflect.NativeConstructorAccessorImpl.newInstance(NativeConstructorAccessorImpl.java:62)
	at java.base@11.0.18/jdk.internal.reflect.DelegatingConstructorAccessorImpl.newInstance(DelegatingConstructorAccessorImpl.java:45)
	at java.base@11.0.18/java.lang.reflect.Constructor.newInstance(Constructor.java:490)
	at app//org.openqa.selenium.remote.http.W3CHttpResponseCodec.createException(W3CHttpResponseCodec.java:187)
	at app//org.openqa.selenium.remote.http.W3CHttpResponseCodec.decode(W3CHttpResponseCodec.java:122)
	at app//org.openqa.selenium.remote.http.W3CHttpResponseCodec.decode(W3CHttpResponseCodec.java:49)
	at app//org.openqa.selenium.remote.HttpCommandExecutor.execute(HttpCommandExecutor.java:158)
	at app//org.openqa.selenium.remote.service.DriverCommandExecutor.execute(DriverCommandExecutor.java:83)
	at app//org.openqa.selenium.remote.RemoteWebDriver.execute(RemoteWebDriver.java:552)
	at app//org.openqa.selenium.remote.RemoteWebElement.execute(RemoteWebElement.java:285)
	at app//org.openqa.selenium.remote.RemoteWebElement.click(RemoteWebElement.java:84)
	at app//net.serenitybdd.core.pages.WebElementFacadeImpl.click(WebElementFacadeImpl.java:1230)
	at app//net.serenitybdd.screenplay.actions.ClickOnTarget.performAs(ClickOnTarget.java:13)
	at app//net.serenitybdd.screenplay.actions.ClickOnTarget$ByteBuddy$ZYRiaUmh.performAs$accessor$7KnSzBlb(Unknown Source)
	at java.base@11.0.18/jdk.internal.reflect.NativeMethodAccessorImpl.invoke0(Native Method)
	at java.base@11.0.18/jdk.internal.reflect.NativeMethodAccessorImpl.invoke(NativeMethodAccessorImpl.java:62)
	at java.base@11.0.18/jdk.internal.reflect.DelegatingMethodAccessorImpl.invoke(DelegatingMethodAccessorImpl.java:43)
	at java.base@11.0.18/java.lang.reflect.Method.invoke(Method.java:566)
	at app//net.thucydides.core.steps.StepInterceptor.invokeMethod(StepInterceptor.java:488)
	at app//net.thucydides.core.steps.StepInterceptor.executeTestStepMethod(StepInterceptor.java:468)
	at app//net.thucydides.core.steps.StepInterceptor.runTestStep(StepInterceptor.java:441)
	at app//net.thucydides.core.steps.StepInterceptor.runOrSkipMethod(StepInterceptor.java:197)
	at app//net.thucydides.core.steps.StepInterceptor.testStepResult(StepInterceptor.java:184)
	at app//net.thucydides.core.steps.StepInterceptor.intercept(StepInterceptor.java:77)
	at app//net.thucydides.core.steps.ProxyConfiguration$InterceptorDispatcher.intercept(ProxyConfiguration.java:51)
	at app//net.serenitybdd.screenplay.actions.ClickOnTarget$ByteBuddy$ZYRiaUmh.performAs(Unknown Source)
	at app//net.serenitybdd.screenplay.Actor.performTask(Actor.java:248)
	at app//net.serenitybdd.screenplay.Actor.perform(Actor.java:229)
	at app//net.serenitybdd.screenplay.Actor.attemptsTo(Actor.java:175)
	at app//com.sofkau.tasks.ComprarProductos.performAs(ComprarProductos.java:65)
	at app//com.sofkau.tasks.ComprarProductos$ByteBuddy$mvagShP3.performAs$accessor$ZStzNn3D(Unknown Source)
	at java.base@11.0.18/jdk.internal.reflect.NativeMethodAccessorImpl.invoke0(Native Method)
	at java.base@11.0.18/jdk.internal.reflect.NativeMethodAccessorImpl.invoke(NativeMethodAccessorImpl.java:62)
	at java.base@11.0.18/jdk.internal.reflect.DelegatingMethodAccessorImpl.invoke(DelegatingMethodAccessorImpl.java:43)
	at java.base@11.0.18/java.lang.reflect.Method.invoke(Method.java:566)
	at app//net.thucydides.core.steps.StepInterceptor.invokeMethod(StepInterceptor.java:488)
	at app//net.thucydides.core.steps.StepInterceptor.executeTestStepMethod(StepInterceptor.java:468)
	at app//net.thucydides.core.steps.StepInterceptor.runTestStep(StepInterceptor.java:441)
	at app//net.thucydides.core.steps.StepInterceptor.runOrSkipMethod(StepInterceptor.java:197)
	at app//net.thucydides.core.steps.StepInterceptor.testStepResult(StepInterceptor.java:184)
	at app//net.thucydides.core.steps.StepInterceptor.intercept(StepInterceptor.java:77)
	at app//net.thucydides.core.steps.ProxyConfiguration$InterceptorDispatcher.intercept(ProxyConfiguration.java:51)
	at app//com.sofkau.tasks.ComprarProductos$ByteBuddy$mvagShP3.performAs(Unknown Source)
	at app//net.serenitybdd.screenplay.Actor.performTask(Actor.java:248)
	at app//net.serenitybdd.screenplay.Actor.perform(Actor.java:229)
	at app//net.serenitybdd.screenplay.Actor.attemptsTo(Actor.java:175)
	at app//com.sofkau.stepdefinitions.FlujoDeCompraStepDefinition.agregaProductosAlCarritoYLosCompra(FlujoDeCompraStepDefinition.java:35)
	at âœ½.agrega productos al carrito y los compra(file:///C:/Users/david/OneDrive/Escritorio/Reto_Automatizacion_Web_SerenityBDD/src/test/resources/features/flujoDeCompra.feature:14)
</failure>
  </testcase>
  <system-out><![CDATA[]]></system-out>
  <system-err><![CDATA[Starting ChromeDriver 111.0.5563.64 (c710e93d5b63b7095afe8c2c17df34408078439d-refs/branch-heads/5563@{#995}) on port 33418
Only local connections are allowed.
Please see https://chromedriver.chromium.org/security-considerations for suggestions on keeping ChromeDriver safe.
ChromeDriver was started successfully.
Mar 30, 2023 4:28:11 PM org.openqa.selenium.remote.ProtocolHandshake createSession
INFO: Detected dialect: W3C
Mar 30, 2023 4:28:11 PM org.openqa.selenium.remote.DesiredCapabilities chrome
INFO: Using `new ChromeOptions()` is preferred to `DesiredCapabilities.chrome()`
Starting ChromeDriver 111.0.5563.64 (c710e93d5b63b7095afe8c2c17df34408078439d-refs/branch-heads/5563@{#995}) on port 31123
Only local connections are allowed.
Please see https://chromedriver.chromium.org/security-considerations for suggestions on keeping ChromeDriver safe.
ChromeDriver was started successfully.
Mar 30, 2023 4:28:13 PM org.openqa.selenium.remote.ProtocolHandshake createSession
INFO: Detected dialect: W3C
]]></system-err>
</testsuite>
